<?xml version='1.0'?>
<ns2:test-suite xmlns:ns2='urn:model.allure.qatools.yandex.ru' start='1750848266986' stop='1750848293551'>
    <name>login e registro:</name>
    <title>login e registro:</title>
    <test-cases>
        <test-case start='1750848266996' status='failed' stop='1750848273525'>
            <name>Registro Vazio</name>
            <title>Registro Vazio</title>
            <labels>
                <label name='language' value='javascript'/>
                <label name='framework' value='codeceptjs'/>
            </labels>
            <parameters/>
            <steps>
                <step start='1750848272262' status='passed' stop='1750848272381'>
                    <name>I am on page "/"</name>
                    <title>I am on page "/"</title>
                    <attachments/>
                    <steps/>
                </step>
                <step start='1750848272382' status='passed' stop='1750848273523'>
                    <name>I click "#top_header > div > div > div:nth-child(2) > div > ul > li:nth-child(2) > a"</name>
                    <title>I click "#top_header > div > div > div:nth-child(2) > div > ul > li:nth-child(2) > a"</title>
                    <attachments/>
                    <steps/>
                </step>
            </steps>
            <attachments>
                <attachment title='Main session - Last Seen Screenshot' source='26f9fe24-8faf-462f-bc73-a1fe9d5f5dab-attachment.png' type='image/png' size='55661'/>
            </attachments>
            <failure>
                <message>Support object "undefined" is not defined</message>
                <stack-trace>Error: Support object "undefined" is not defined
                    at loadSupportObject (C:\Documentos\QAZANDO\automacao-codeceptjs-web\node_modules\codeceptjs\lib\container.js:487:11)
                    at Object.get (C:\Documentos\QAZANDO\automacao-codeceptjs-web\node_modules\codeceptjs\lib\container.js:349:35)
                    at Test.&lt;anonymous> (C:\Documentos\QAZANDO\automacao-codeceptjs-web\steps\login_test.js:28:12)
                    at test.fn (C:\Documentos\QAZANDO\automacao-codeceptjs-web\node_modules\codeceptjs\lib\mocha\asyncWrapper.js:81:10)
                    at callFnAsync (C:\Documentos\QAZANDO\automacao-codeceptjs-web\node_modules\codeceptjs\node_modules\mocha\lib\runnable.js:392:21)
                    at Runnable.run (C:\Documentos\QAZANDO\automacao-codeceptjs-web\node_modules\codeceptjs\node_modules\mocha\lib\runnable.js:336:7)
                    at Runner.runTest (C:\Documentos\QAZANDO\automacao-codeceptjs-web\node_modules\codeceptjs\node_modules\mocha\lib\runner.js:677:10)
                    at C:\Documentos\QAZANDO\automacao-codeceptjs-web\node_modules\codeceptjs\node_modules\mocha\lib\runner.js:800:12
                    at next (C:\Documentos\QAZANDO\automacao-codeceptjs-web\node_modules\codeceptjs\node_modules\mocha\lib\runner.js:592:14)
                    at C:\Documentos\QAZANDO\automacao-codeceptjs-web\node_modules\codeceptjs\node_modules\mocha\lib\runner.js:602:7
                    at next (C:\Documentos\QAZANDO\automacao-codeceptjs-web\node_modules\codeceptjs\node_modules\mocha\lib\runner.js:485:14)
                    at cbHookRun (C:\Documentos\QAZANDO\automacao-codeceptjs-web\node_modules\codeceptjs\node_modules\mocha\lib\runner.js:550:7)
                    at done (C:\Documentos\QAZANDO\automacao-codeceptjs-web\node_modules\codeceptjs\node_modules\mocha\lib\runnable.js:308:5)
                    at C:\Documentos\QAZANDO\automacao-codeceptjs-web\node_modules\codeceptjs\node_modules\mocha\lib\runnable.js:412:7
                    at C:\Documentos\QAZANDO\automacao-codeceptjs-web\node_modules\codeceptjs\lib\mocha\asyncWrapper.js:37:12
                    at process.processTicksAndRejections (node:internal/process/task_queues:105:5)</stack-trace>
            </failure>
        </test-case>
        <test-case start='1750848289368' status='failed' stop='1750848292209'>
            <name>Exemplo de Registro</name>
            <title>Exemplo de Registro</title>
            <labels>
                <label name='language' value='javascript'/>
                <label name='framework' value='codeceptjs'/>
            </labels>
            <parameters/>
            <steps>
                <step start='1750848291178' status='passed' stop='1750848291295'>
                    <name>I am on page "/"</name>
                    <title>I am on page "/"</title>
                    <attachments/>
                    <steps/>
                </step>
                <step start='1750848291295' status='passed' stop='1750848292206'>
                    <name>I click "#top_header > div > div > div:nth-child(2) > div > ul > li:nth-child(2) > a"</name>
                    <title>I click "#top_header > div > div > div:nth-child(2) > div > ul > li:nth-child(2) > a"</title>
                    <attachments/>
                    <steps/>
                </step>
            </steps>
            <attachments>
                <attachment title='Main session - Last Seen Screenshot' source='512e2a56-182a-44df-ab1f-d672622f709f-attachment.png' type='image/png' size='51531'/>
            </attachments>
            <failure>
                <message>Support object "undefined" is not defined</message>
                <stack-trace>Error: Support object "undefined" is not defined
                    at loadSupportObject (C:\Documentos\QAZANDO\automacao-codeceptjs-web\node_modules\codeceptjs\lib\container.js:487:11)
                    at Object.get (C:\Documentos\QAZANDO\automacao-codeceptjs-web\node_modules\codeceptjs\lib\container.js:349:35)
                    at Test.&lt;anonymous> (C:\Documentos\QAZANDO\automacao-codeceptjs-web\steps\login_test.js:36:12)
                    at test.fn (C:\Documentos\QAZANDO\automacao-codeceptjs-web\node_modules\codeceptjs\lib\mocha\asyncWrapper.js:81:10)
                    at callFnAsync (C:\Documentos\QAZANDO\automacao-codeceptjs-web\node_modules\codeceptjs\node_modules\mocha\lib\runnable.js:392:21)
                    at Runnable.run (C:\Documentos\QAZANDO\automacao-codeceptjs-web\node_modules\codeceptjs\node_modules\mocha\lib\runnable.js:336:7)
                    at Runner.runTest (C:\Documentos\QAZANDO\automacao-codeceptjs-web\node_modules\codeceptjs\node_modules\mocha\lib\runner.js:677:10)
                    at C:\Documentos\QAZANDO\automacao-codeceptjs-web\node_modules\codeceptjs\node_modules\mocha\lib\runner.js:800:12
                    at next (C:\Documentos\QAZANDO\automacao-codeceptjs-web\node_modules\codeceptjs\node_modules\mocha\lib\runner.js:592:14)
                    at C:\Documentos\QAZANDO\automacao-codeceptjs-web\node_modules\codeceptjs\node_modules\mocha\lib\runner.js:602:7
                    at next (C:\Documentos\QAZANDO\automacao-codeceptjs-web\node_modules\codeceptjs\node_modules\mocha\lib\runner.js:485:14)
                    at cbHookRun (C:\Documentos\QAZANDO\automacao-codeceptjs-web\node_modules\codeceptjs\node_modules\mocha\lib\runner.js:550:7)
                    at done (C:\Documentos\QAZANDO\automacao-codeceptjs-web\node_modules\codeceptjs\node_modules\mocha\lib\runnable.js:308:5)
                    at C:\Documentos\QAZANDO\automacao-codeceptjs-web\node_modules\codeceptjs\node_modules\mocha\lib\runnable.js:412:7
                    at C:\Documentos\QAZANDO\automacao-codeceptjs-web\node_modules\codeceptjs\lib\mocha\asyncWrapper.js:37:12
                    at process.processTicksAndRejections (node:internal/process/task_queues:105:5)</stack-trace>
            </failure>
        </test-case>
    </test-cases>
</ns2:test-suite>