{
  "stats": {
    "suites": 1,
    "tests": 2,
    "passes": 2,
    "pending": 0,
    "failures": 0,
    "start": "2025-06-25T11:50:18.381Z",
    "end": "2025-06-25T11:50:27.492Z",
    "duration": 9111,
    "testsRegistered": 2,
    "passPercent": 100,
    "pendingPercent": 0,
    "other": 0,
    "hasOther": false,
    "skipped": 0,
    "hasSkipped": false
  },
  "results": [
    {
      "uuid": "64fe2794-0eaa-4a3f-9ee0-7683bd695098",
      "title": "",
      "fullFile": "C:\\Documentos\\QAZANDO\\automacao-codeceptjs-web\\steps\\login_test.js",
      "file": "\\steps\\login_test.js",
      "beforeHooks": [],
      "afterHooks": [],
      "tests": [],
      "suites": [
        {
          "uuid": "e03bc82f-354a-4714-8778-7728d1cc528c",
          "title": "login e registro",
          "fullFile": "C:\\Documentos\\QAZANDO\\automacao-codeceptjs-web\\steps\\login_test.js",
          "file": "\\steps\\login_test.js",
          "beforeHooks": [
            {
              "title": "\"before all\" hook: codeceptjs.beforeSuite in \"login e registro\"",
              "fullTitle": "login e registro \"before all\" hook: codeceptjs.beforeSuite in \"login e registro\"",
              "timedOut": false,
              "duration": 1,
              "state": null,
              "speed": null,
              "pass": false,
              "fail": false,
              "pending": false,
              "context": null,
              "code": "suiteSetup(suite)",
              "err": {},
              "uuid": "e8522baa-b479-4887-ba80-1ac85ac0e458",
              "parentUUID": "e03bc82f-354a-4714-8778-7728d1cc528c",
              "isHook": true,
              "skipped": false
            },
            {
              "title": "\"before all\" hook: BeforeSuite in \"login e registro\"",
              "fullTitle": "login e registro \"before all\" hook: BeforeSuite in \"login e registro\"",
              "timedOut": false,
              "duration": 7,
              "state": null,
              "speed": null,
              "pass": false,
              "fail": false,
              "pending": false,
              "context": null,
              "code": "// Executa o(os) passo(os) \"Antes de tudo\" do(os) Scenario(os) de teste.\nconsole.log(\"Antes de tudo\");",
              "err": {},
              "uuid": "2cff38ac-29ea-4bac-9e8a-132af162ed93",
              "parentUUID": "e03bc82f-354a-4714-8778-7728d1cc528c",
              "isHook": true,
              "skipped": false
            },
            {
              "title": "\"before each\" hook: codeceptjs.before in \"login e registro\"",
              "fullTitle": "login e registro \"before each\" hook: codeceptjs.before in \"login e registro\"",
              "timedOut": false,
              "duration": 1664,
              "state": null,
              "speed": null,
              "pass": false,
              "fail": false,
              "pending": false,
              "context": null,
              "code": "setup(suite)",
              "err": {},
              "uuid": "bc8d9b36-450f-4467-a89a-c50fbc2a3e9b",
              "parentUUID": "e03bc82f-354a-4714-8778-7728d1cc528c",
              "isHook": true,
              "skipped": false
            },
            {
              "title": "\"before each\" hook: Before in \"login e registro\"",
              "fullTitle": "login e registro \"before each\" hook: Before in \"login e registro\"",
              "timedOut": false,
              "duration": 1172,
              "state": null,
              "speed": null,
              "pass": false,
              "fail": false,
              "pending": false,
              "context": null,
              "code": "// Executa passos em comum dos Scenario de teste.\nI.amOnPage(\"/\"); // Como acessar o site em comum.\nI.click(\n  // Como clicar no botão de cadastro.\n  \"#top_header > div > div > div:nth-child(2) > div > ul > li:nth-child(2) > a\"\n);",
              "err": {},
              "uuid": "55cfb00f-4f81-45e2-8547-7377fa5b9d1a",
              "parentUUID": "e03bc82f-354a-4714-8778-7728d1cc528c",
              "isHook": true,
              "skipped": false
            }
          ],
          "afterHooks": [
            {
              "title": "\"after all\" hook: AfterSuite in \"login e registro\"",
              "fullTitle": "login e registro \"after all\" hook: AfterSuite in \"login e registro\"",
              "timedOut": false,
              "duration": 2,
              "state": null,
              "speed": null,
              "pass": false,
              "fail": false,
              "pending": false,
              "context": null,
              "code": "// Executa o(os) passo(os) \"Depois de tudo\" do(os) Scenario(os) de teste.\nconsole.log(\"Depois de tudo\");",
              "err": {},
              "uuid": "aa058e26-7fdf-484d-96fe-65d5e30ecad1",
              "parentUUID": "e03bc82f-354a-4714-8778-7728d1cc528c",
              "isHook": true,
              "skipped": false
            },
            {
              "title": "\"after all\" hook: codeceptjs.afterSuite in \"login e registro\"",
              "fullTitle": "login e registro \"after all\" hook: codeceptjs.afterSuite in \"login e registro\"",
              "timedOut": false,
              "duration": 0,
              "state": null,
              "speed": null,
              "pass": false,
              "fail": false,
              "pending": false,
              "context": null,
              "code": "suiteTeardown(suite)",
              "err": {},
              "uuid": "a4499355-4638-4dab-b7da-ac45fb855fcf",
              "parentUUID": "e03bc82f-354a-4714-8778-7728d1cc528c",
              "isHook": true,
              "skipped": false
            },
            {
              "title": "\"after each\" hook: After in \"login e registro\"",
              "fullTitle": "login e registro \"after each\" hook: After in \"login e registro\"",
              "timedOut": false,
              "duration": 2,
              "state": null,
              "speed": null,
              "pass": false,
              "fail": false,
              "pending": false,
              "context": null,
              "code": "console.log(\"After\");",
              "err": {},
              "uuid": "316f89e0-d7c0-4514-b171-adedb66c12f7",
              "parentUUID": "e03bc82f-354a-4714-8778-7728d1cc528c",
              "isHook": true,
              "skipped": false
            },
            {
              "title": "\"after each\" hook: finalize codeceptjs in \"login e registro\"",
              "fullTitle": "login e registro \"after each\" hook: finalize codeceptjs in \"login e registro\"",
              "timedOut": false,
              "duration": 126,
              "state": null,
              "speed": null,
              "pass": false,
              "fail": false,
              "pending": false,
              "context": null,
              "code": "teardown(suite)",
              "err": {},
              "uuid": "8a456d12-72e5-4d8c-b65f-66e356b8c666",
              "parentUUID": "e03bc82f-354a-4714-8778-7728d1cc528c",
              "isHook": true,
              "skipped": false
            }
          ],
          "tests": [
            {
              "title": "Registro Vazio",
              "fullTitle": "login e registro: Registro Vazio",
              "timedOut": false,
              "duration": 582,
              "state": "passed",
              "speed": "slow",
              "pass": true,
              "fail": false,
              "pending": false,
              "context": null,
              "code": "I }) => {\n  // esse \"I\" ai não precisaria pois colocamos ele no início sendo uma const.\n  // I.amOnPage(\"/\");\n  // pause(); // Para fazer um debug interativo\n  /* I.click(\n    \"#top_header > div > div > div:nth-child(2) > div > ul > li:nth-child(2) > a\"\n  );*/\n  I.click(\"#btnRegister\");\n  I.see(\"O campo nome deve ser prenchido\");",
              "err": {},
              "uuid": "46a92ab7-4ed4-4029-a5f1-80ade117a8ab",
              "parentUUID": "e03bc82f-354a-4714-8778-7728d1cc528c",
              "isHook": false,
              "skipped": false
            },
            {
              "title": "Exemplo de Registro ",
              "fullTitle": "login e registro: Exemplo de Registro ",
              "timedOut": false,
              "duration": 1700,
              "state": "passed",
              "speed": "slow",
              "pass": true,
              "fail": false,
              "pending": false,
              "context": null,
              "code": "I }) => {\n  I.click('//*[@id=\"login_area\"]/div/div/div/div/div[2]/label/span');\n  I.fillField(\"#user\", \"Rodrigo Pinto\");\n  I.fillField(\"#email\", \"rodrigo@gmail.com\");\n  I.fillField(\"#password\", secret(\"123456\"));\n  I.click(\"#btnRegister\");\n  I.see(\"Cadastro realizado!\");\n  I.click(\n    \"body > div.swal2-container.swal2-center.swal2-backdrop-show > div > div.swal2-actions\"\n  );\n  var title = await I.grabTitle();\n  validacao.equal(title, \"QAZANDO Shop E-Commerce\"); // Título referente ao nome da Aba da página do Browser\n  var logado = await I.grabTextFrom('//*[@id=\"userLogged\"]'); // Elemento da página é a prinmeira barra do Menu - Painel (DASHBOARD)\n  validacao.equal(logado, \"Rodrigo Pinto\");\n  //I.dontSee(\"O campo nome deve ser prenchido\");",
              "err": {},
              "uuid": "6ebc6d98-8094-4111-8924-a70dd919a546",
              "parentUUID": "e03bc82f-354a-4714-8778-7728d1cc528c",
              "isHook": false,
              "skipped": false
            }
          ],
          "suites": [],
          "passes": [
            "46a92ab7-4ed4-4029-a5f1-80ade117a8ab",
            "6ebc6d98-8094-4111-8924-a70dd919a546"
          ],
          "failures": [],
          "pending": [],
          "skipped": [],
          "duration": 2282,
          "root": false,
          "rootEmpty": false,
          "_timeout": 0
        }
      ],
      "passes": [],
      "failures": [],
      "pending": [],
      "skipped": [],
      "duration": 0,
      "root": true,
      "rootEmpty": true,
      "_timeout": 0
    }
  ],
  "meta": {
    "mocha": {
      "version": "11.7.1"
    },
    "mochawesome": {
      "options": {
        "quiet": false,
        "reportFilename": "mochawesome",
        "saveHtml": true,
        "saveJson": true,
        "consoleReporter": "spec",
        "useInlineDiffs": false,
        "code": true
      },
      "version": "7.1.3"
    },
    "marge": {
      "options": {},
      "version": "6.2.0"
    }
  }
}